#
# A fatal error has been detected by the Java Runtime Environment:
#
#  EXCEPTION_ACCESS_VIOLATION (0xc0000005) at pc=0x00007ffeab60d540, pid=18992, tid=0x00000000000020d0
#
# JRE version: Java(TM) SE Runtime Environment (8.0_261-b12) (build 1.8.0_261-b12)
# Java VM: Java HotSpot(TM) 64-Bit Server VM (25.261-b12 mixed mode windows-amd64 compressed oops)
# Problematic frame:
# C  [lwjgl.dll+0x1d540]
#
# Failed to write core dump. Minidumps are not enabled by default on client versions of Windows
#
# If you would like to submit a bug report, please visit:
#   http://bugreport.java.com/bugreport/crash.jsp
# The crash happened outside the Java Virtual Machine in native code.
# See problematic frame for where to report the bug.
#

---------------  T H R E A D  ---------------

Current thread (0x000002d06dd94000):  JavaThread "main" [_thread_in_native, id=8400, stack(0x000000d184400000,0x000000d184500000)]

siginfo: ExceptionCode=0xc0000005, reading address 0x0000000000000000

Registers:
RAX=0x0000000001000000, RBX=0x000002d01e759060, RCX=0x000002d01e759060, RDX=0xfffffd2fe18a6fa0
RSP=0x000000d1844fd158, RBP=0x000000d1844fd220, RSI=0x0000000000000010, RDI=0x0000000000000000
R8 =0x0000000001000000, R9 =0x0000000000000000, R10=0x0000000000000000, R11=0x000002d01e759060
R12=0x0000000000000000, R13=0x000002d01220c080, R14=0x000000d1844fd268, R15=0x000002d06dd94000
RIP=0x00007ffeab60d540, EFLAGS=0x0000000000010246

Top of Stack: (sp=0x000000d1844fd158)
0x000000d1844fd158:   00007ffeab60a479 000002d011ac55a8
0x000000d1844fd168:   000002d01221ffe0 000002d0000000b6
0x000000d1844fd178:   000002d06dd94000 000002d01220c080
0x000000d1844fd188:   000002d06f85990e 00000007c0066048
0x000000d1844fd198:   00000007c0066048 000002d011e87e78
0x000000d1844fd1a8:   000002d06dd94000 0000000001000000
0x000000d1844fd1b8:   000002d06dd94000 fffffffe00000000
0x000000d1844fd1c8:   0000000000000000 0000000000000000
0x000000d1844fd1d8:   000002d06dd94000 000000d1844fd1e0
0x000000d1844fd1e8:   0000000000000000 000000d1844fd268
0x000000d1844fd1f8:   000002d01220f208 0000000000000000
0x000000d1844fd208:   000002d01220c080 0000000000000000
0x000000d1844fd218:   000000d1844fd240 000000d1844fd2b0
0x000000d1844fd228:   000002d06f847e90 00000007200f44a8
0x000000d1844fd238:   000002d06f852d77 0000000001000000
0x000000d1844fd248:   000002d01221ffe0 0000000000000000 

Instructions: (pc=0x00007ffeab60d540)
0x00007ffeab60d520:   4c 8b 02 8b 4a 08 44 0f b7 4a 0c 44 0f b6 52 0e
0x00007ffeab60d530:   4c 89 00 89 48 08 66 44 89 48 0c 44 88 50 0e c3
0x00007ffeab60d540:   0f 10 04 11 4c 03 c1 48 83 c1 10 41 f6 c3 0f 74
0x00007ffeab60d550:   13 0f 28 c8 48 83 e1 f0 0f 10 04 11 48 83 c1 10 


Register to memory mapping:

RAX=0x0000000001000000 is an unknown value
RBX=0x000002d01e759060 is an unknown value
RCX=0x000002d01e759060 is an unknown value
RDX=0xfffffd2fe18a6fa0 is an unknown value
RSP=0x000000d1844fd158 is pointing into the stack for thread: 0x000002d06dd94000
RBP=0x000000d1844fd220 is pointing into the stack for thread: 0x000002d06dd94000
RSI=0x0000000000000010 is an unknown value
RDI=0x0000000000000000 is an unknown value
R8 =0x0000000001000000 is an unknown value
R9 =0x0000000000000000 is an unknown value
R10=0x0000000000000000 is an unknown value
R11=0x000002d01e759060 is an unknown value
R12=0x0000000000000000 is an unknown value
R13={method} {0x000002d01220c088} 'nmemcpy' '(JJJ)J' in 'org/lwjgl/system/libc/LibCString'
R14=0x000000d1844fd268 is pointing into the stack for thread: 0x000002d06dd94000
R15=0x000002d06dd94000 is a thread


Stack: [0x000000d184400000,0x000000d184500000],  sp=0x000000d1844fd158,  free space=1012k
Native frames: (J=compiled Java code, j=interpreted, Vv=VM code, C=native code)
C  [lwjgl.dll+0x1d540]
C  [lwjgl.dll+0x1a479]
C  0x000002d06f85990e

Java frames: (J=compiled Java code, j=interpreted, Vv=VM code)
j  org.lwjgl.system.libc.LibCString.nmemcpy(JJJ)J+0
j  org.lwjgl.system.MultiReleaseMemCopy.copy(JJJ)V+57
j  org.lwjgl.system.MemoryUtil.memCopy(JJJ)V+37
j  de.twometer.amongus3d.io.ModelLoader.lambda$null$0(Ljava/nio/ByteBuffer;JJJJ)J+28
j  de.twometer.amongus3d.io.ModelLoader$$Lambda$18.invoke(JJJJ)J+10
j  org.lwjgl.assimp.AIFileReadProcI.callback(J)J+17
v  ~StubRoutines::call_stub
j  org.lwjgl.system.JNI.invokePPP(JIJJ)J+0
j  org.lwjgl.assimp.Assimp.naiImportFileEx(JIJ)J+26
j  org.lwjgl.assimp.Assimp.aiImportFileEx(Ljava/lang/CharSequence;ILorg/lwjgl/assimp/AIFileIO;)Lorg/lwjgl/assimp/AIScene;+30
j  de.twometer.amongus3d.io.ModelLoader.load(Ljava/lang/String;)Lde/twometer/amongus3d/mesh/Model;+25
j  de.twometer.amongus3d.core.Game.setup()V+37
j  de.twometer.amongus3d.core.Game.run()V+8
j  de.twometer.amongus3d.Bootstrap.main([Ljava/lang/String;)V+8
v  ~StubRoutines::call_stub

---------------  P R O C E S S  ---------------

Java Threads: ( => current thread )
  0x000002d01504d000 JavaThread "Service Thread" daemon [_thread_blocked, id=4700, stack(0x000000d186300000,0x000000d186400000)]
  0x000002d014f60000 JavaThread "C1 CompilerThread11" daemon [_thread_blocked, id=21004, stack(0x000000d186200000,0x000000d186300000)]
  0x000002d014f5c800 JavaThread "C1 CompilerThread10" daemon [_thread_blocked, id=13872, stack(0x000000d186100000,0x000000d186200000)]
  0x000002d014f5e000 JavaThread "C1 CompilerThread9" daemon [_thread_blocked, id=17448, stack(0x000000d186000000,0x000000d186100000)]
  0x000002d014f5d000 JavaThread "C1 CompilerThread8" daemon [_thread_blocked, id=19256, stack(0x000000d185f00000,0x000000d186000000)]
  0x000002d014f5e800 JavaThread "C2 CompilerThread7" daemon [_thread_blocked, id=1212, stack(0x000000d185e00000,0x000000d185f00000)]
  0x000002d014f62800 JavaThread "C2 CompilerThread6" daemon [_thread_blocked, id=18564, stack(0x000000d185d00000,0x000000d185e00000)]
  0x000002d014f61800 JavaThread "C2 CompilerThread5" daemon [_thread_blocked, id=20612, stack(0x000000d185c00000,0x000000d185d00000)]
  0x000002d014f61000 JavaThread "C2 CompilerThread4" daemon [_thread_blocked, id=8760, stack(0x000000d185b00000,0x000000d185c00000)]
  0x000002d014f63000 JavaThread "C2 CompilerThread3" daemon [_thread_blocked, id=8528, stack(0x000000d185a00000,0x000000d185b00000)]
  0x000002d014f5f800 JavaThread "C2 CompilerThread2" daemon [_thread_blocked, id=9132, stack(0x000000d185900000,0x000000d185a00000)]
  0x000002d014f5b800 JavaThread "C2 CompilerThread1" daemon [_thread_blocked, id=18588, stack(0x000000d185800000,0x000000d185900000)]
  0x000002d014f57800 JavaThread "C2 CompilerThread0" daemon [_thread_blocked, id=21192, stack(0x000000d185700000,0x000000d185800000)]
  0x000002d014f56800 JavaThread "Attach Listener" daemon [_thread_blocked, id=6396, stack(0x000000d185600000,0x000000d185700000)]
  0x000002d014f55800 JavaThread "Signal Dispatcher" daemon [_thread_blocked, id=2468, stack(0x000000d185500000,0x000000d185600000)]
  0x000002d014f36000 JavaThread "Finalizer" daemon [_thread_blocked, id=20916, stack(0x000000d185400000,0x000000d185500000)]
  0x000002d07ff96800 JavaThread "Reference Handler" daemon [_thread_blocked, id=3808, stack(0x000000d185300000,0x000000d185400000)]
=>0x000002d06dd94000 JavaThread "main" [_thread_in_native, id=8400, stack(0x000000d184400000,0x000000d184500000)]

Other Threads:
  0x000002d07ff6d800 VMThread [stack: 0x000000d185200000,0x000000d185300000] [id=18504]
  0x000002d015044000 WatcherThread [stack: 0x000000d186400000,0x000000d186500000] [id=18800]

VM state:not at safepoint (normal execution)

VM Mutex/Monitor currently owned by a thread: None

heap address: 0x00000005c1000000, size: 8176 MB, Compressed Oops mode: Zero based, Oop shift amount: 3
Narrow klass base: 0x0000000000000000, Narrow klass shift: 3
Compressed class space size: 1073741824 Address: 0x00000007c0000000

Heap:
 PSYoungGen      total 153088K, used 80802K [0x0000000715b00000, 0x0000000728600000, 0x00000007c0000000)
  eden space 131584K, 47% used [0x0000000715b00000,0x00000007197f4880,0x000000071db80000)
  from space 21504K, 85% used [0x000000071f080000,0x0000000720274040,0x0000000720580000)
  to   space 21504K, 0% used [0x000000071db80000,0x000000071db80000,0x000000071f080000)
 ParOldGen       total 349696K, used 24K [0x00000005c1000000, 0x00000005d6580000, 0x0000000715b00000)
  object space 349696K, 0% used [0x00000005c1000000,0x00000005c1006000,0x00000005d6580000)
 Metaspace       used 9014K, capacity 9223K, committed 9344K, reserved 1058816K
  class space    used 753K, capacity 850K, committed 896K, reserved 1048576K

Card table byte_map: [0x000002d07ec00000,0x000002d07fc00000] byte_map_base: 0x000002d07bdf8000

Marking Bits: (ParMarkBitMap*) 0x0000000053904fb0
 Begin Bits: [0x000002d000ab0000, 0x000002d008a70000)
 End Bits:   [0x000002d008a70000, 0x000002d010a30000)

Polling page: 0x000002d06f810000

CodeCache: size=245760Kb used=4923Kb max_used=4935Kb free=240836Kb
 bounds [0x000002d06f840000, 0x000002d06fd20000, 0x000002d07e840000]
 total_blobs=1705 nmethods=789 adapters=827
 compilation: enabled

Compilation events (10 events):
Event: 1.655 Thread 0x000002d014f5d000 nmethod 785 0x000002d06fd0d3d0 code [0x000002d06fd0d540, 0x000002d06fd0d6f0]
Event: 1.655 Thread 0x000002d014f5c800  786       3       java.util.zip.ZipFile$ZipFileInputStream::finalize (5 bytes)
Event: 1.655 Thread 0x000002d014f5c800 nmethod 786 0x000002d06fd0d790 code [0x000002d06fd0d900, 0x000002d06fd0dab0]
Event: 1.655 Thread 0x000002d014f60000 nmethod 781 0x000002d06fd0db50 code [0x000002d06fd0dd00, 0x000002d06fd0e580]
Event: 1.661 Thread 0x000002d014f62800  787       4       java.io.FilterInputStream::read (9 bytes)
Event: 1.664 Thread 0x000002d014f62800 nmethod 787 0x000002d06fd11cd0 code [0x000002d06fd11e60, 0x000002d06fd126e8]
Event: 1.670 Thread 0x000002d014f63000  788  s    4       java.io.ByteArrayOutputStream::write (66 bytes)
Event: 1.671 Thread 0x000002d014f63000 nmethod 788 0x000002d06fd12f50 code [0x000002d06fd130a0, 0x000002d06fd13588]
Event: 1.677 Thread 0x000002d014f5e800  789       4       java.nio.Buffer::flip (20 bytes)
Event: 1.677 Thread 0x000002d014f5e800 nmethod 789 0x000002d06fcfced0 code [0x000002d06fcfd000, 0x000002d06fcfd078]

GC Heap History (4 events):
Event: 1.651 GC heap before
{Heap before GC invocations=1 (full 0):
 PSYoungGen      total 153088K, used 124875K [0x0000000715b00000, 0x0000000720580000, 0x00000007c0000000)
  eden space 131584K, 94% used [0x0000000715b00000,0x000000071d4f2ed0,0x000000071db80000)
  from space 21504K, 0% used [0x000000071f080000,0x000000071f080000,0x0000000720580000)
  to   space 21504K, 0% used [0x000000071db80000,0x000000071db80000,0x000000071f080000)
 ParOldGen       total 349696K, used 0K [0x00000005c1000000, 0x00000005d6580000, 0x0000000715b00000)
  object space 349696K, 0% used [0x00000005c1000000,0x00000005c1000000,0x00000005d6580000)
 Metaspace       used 9005K, capacity 9223K, committed 9344K, reserved 1058816K
  class space    used 753K, capacity 850K, committed 896K, reserved 1048576K
Event: 1.654 GC heap after
Heap after GC invocations=1 (full 0):
 PSYoungGen      total 153088K, used 8000K [0x0000000715b00000, 0x0000000720580000, 0x00000007c0000000)
  eden space 131584K, 0% used [0x0000000715b00000,0x0000000715b00000,0x000000071db80000)
  from space 21504K, 37% used [0x000000071db80000,0x000000071e3502f0,0x000000071f080000)
  to   space 21504K, 0% used [0x000000071f080000,0x000000071f080000,0x0000000720580000)
 ParOldGen       total 349696K, used 16K [0x00000005c1000000, 0x00000005d6580000, 0x0000000715b00000)
  object space 349696K, 0% used [0x00000005c1000000,0x00000005c1004000,0x00000005d6580000)
 Metaspace       used 9005K, capacity 9223K, committed 9344K, reserved 1058816K
  class space    used 753K, capacity 850K, committed 896K, reserved 1048576K
}
Event: 1.690 GC heap before
{Heap before GC invocations=2 (full 0):
 PSYoungGen      total 153088K, used 124491K [0x0000000715b00000, 0x0000000720580000, 0x00000007c0000000)
  eden space 131584K, 88% used [0x0000000715b00000,0x000000071ccc2b30,0x000000071db80000)
  from space 21504K, 37% used [0x000000071db80000,0x000000071e3502f0,0x000000071f080000)
  to   space 21504K, 0% used [0x000000071f080000,0x000000071f080000,0x0000000720580000)
 ParOldGen       total 349696K, used 16K [0x00000005c1000000, 0x00000005d6580000, 0x0000000715b00000)
  object space 349696K, 0% used [0x00000005c1000000,0x00000005c1004000,0x00000005d6580000)
 Metaspace       used 9013K, capacity 9223K, committed 9344K, reserved 1058816K
  class space    used 753K, capacity 850K, committed 896K, reserved 1048576K
Event: 1.696 GC heap after
Heap after GC invocations=2 (full 0):
 PSYoungGen      total 153088K, used 18384K [0x0000000715b00000, 0x0000000728600000, 0x00000007c0000000)
  eden space 131584K, 0% used [0x0000000715b00000,0x0000000715b00000,0x000000071db80000)
  from space 21504K, 85% used [0x000000071f080000,0x0000000720274040,0x0000000720580000)
  to   space 21504K, 0% used [0x000000071db80000,0x000000071db80000,0x000000071f080000)
 ParOldGen       total 349696K, used 24K [0x00000005c1000000, 0x00000005d6580000, 0x0000000715b00000)
  object space 349696K, 0% used [0x00000005c1000000,0x00000005c1006000,0x00000005d6580000)
 Metaspace       used 9013K, capacity 9223K, committed 9344K, reserved 1058816K
  class space    used 753K, capacity 850K, committed 896K, reserved 1048576K
}

Deoptimization events (1 events):
Event: 1.121 Thread 0x000002d06dd94000 Uncommon trap: reason=unstable_if action=reinterpret pc=0x000002d06fcad850 method=java.util.HashMap.getNode(ILjava/lang/Object;)Ljava/util/HashMap$Node; @ 116

Classes redefined (0 events):
No events

Internal exceptions (10 events):
Event: 0.922 Thread 0x000002d06dd94000 Exception <a 'sun/nio/fs/WindowsException'> (0x0000000716b38610) thrown at [C:\jenkins\workspace\8-2-build-windows-amd64-cygwin\jdk8u261\295\hotspot\src\share\vm\prims\jni.cpp, line 710]
Event: 0.922 Thread 0x000002d06dd94000 Exception <a 'sun/nio/fs/WindowsException'> (0x0000000716b38d50) thrown at [C:\jenkins\workspace\8-2-build-windows-amd64-cygwin\jdk8u261\295\hotspot\src\share\vm\prims\jni.cpp, line 710]
Event: 0.923 Thread 0x000002d06dd94000 Exception <a 'sun/nio/fs/WindowsException'> (0x0000000716b42c68) thrown at [C:\jenkins\workspace\8-2-build-windows-amd64-cygwin\jdk8u261\295\hotspot\src\share\vm\prims\jni.cpp, line 710]
Event: 0.923 Thread 0x000002d06dd94000 Exception <a 'sun/nio/fs/WindowsException'> (0x0000000716b43260) thrown at [C:\jenkins\workspace\8-2-build-windows-amd64-cygwin\jdk8u261\295\hotspot\src\share\vm\prims\jni.cpp, line 710]
Event: 1.120 Thread 0x000002d06dd94000 Exception <a 'sun/nio/fs/WindowsException'> (0x0000000717424c60) thrown at [C:\jenkins\workspace\8-2-build-windows-amd64-cygwin\jdk8u261\295\hotspot\src\share\vm\prims\jni.cpp, line 710]
Event: 1.120 Thread 0x000002d06dd94000 Exception <a 'sun/nio/fs/WindowsException'> (0x0000000717425240) thrown at [C:\jenkins\workspace\8-2-build-windows-amd64-cygwin\jdk8u261\295\hotspot\src\share\vm\prims\jni.cpp, line 710]
Event: 1.121 Thread 0x000002d06dd94000 Exception <a 'sun/nio/fs/WindowsException'> (0x0000000717426378) thrown at [C:\jenkins\workspace\8-2-build-windows-amd64-cygwin\jdk8u261\295\hotspot\src\share\vm\prims\jni.cpp, line 710]
Event: 1.121 Thread 0x000002d06dd94000 Exception <a 'sun/nio/fs/WindowsException'> (0x000000071742bfe0) thrown at [C:\jenkins\workspace\8-2-build-windows-amd64-cygwin\jdk8u261\295\hotspot\src\share\vm\prims\jni.cpp, line 710]
Event: 1.361 Thread 0x000002d06dd94000 Exception <a 'sun/nio/fs/WindowsException'> (0x000000071742f198) thrown at [C:\jenkins\workspace\8-2-build-windows-amd64-cygwin\jdk8u261\295\hotspot\src\share\vm\prims\jni.cpp, line 710]
Event: 1.361 Thread 0x000002d06dd94000 Exception <a 'sun/nio/fs/WindowsException'> (0x000000071742f8a0) thrown at [C:\jenkins\workspace\8-2-build-windows-amd64-cygwin\jdk8u261\295\hotspot\src\share\vm\prims\jni.cpp, line 710]

Events (10 events):
Event: 1.646 loading class org/lwjgl/assimp/AIFileSeek$Container
Event: 1.646 loading class org/lwjgl/assimp/AIFileSeek$Container done
Event: 1.646 loading class org/lwjgl/assimp/AIFileTellProc
Event: 1.646 loading class org/lwjgl/assimp/AIFileTellProc done
Event: 1.646 loading class org/lwjgl/assimp/AIFileTellProc$Container
Event: 1.646 loading class org/lwjgl/assimp/AIFileTellProc$Container done
Event: 1.651 Executing VM operation: ParallelGCFailedAllocation
Event: 1.654 Executing VM operation: ParallelGCFailedAllocation done
Event: 1.690 Executing VM operation: ParallelGCFailedAllocation
Event: 1.696 Executing VM operation: ParallelGCFailedAllocation done


Dynamic libraries:
0x00007ff7cd570000 - 0x00007ff7cd5b7000 	D:\Software\Java\jdk1.8.0_261\bin\java.exe
0x00007ffeda7d0000 - 0x00007ffeda9c5000 	C:\Windows\SYSTEM32\ntdll.dll
0x00007ffed9d20000 - 0x00007ffed9ddd000 	C:\Windows\System32\KERNEL32.DLL
0x00007ffed8120000 - 0x00007ffed83e7000 	C:\Windows\System32\KERNELBASE.dll
0x00007ffed9090000 - 0x00007ffed913a000 	C:\Windows\System32\ADVAPI32.dll
0x00007ffed9b50000 - 0x00007ffed9bee000 	C:\Windows\System32\msvcrt.dll
0x00007ffed8ff0000 - 0x00007ffed908b000 	C:\Windows\System32\sechost.dll
0x00007ffeda5d0000 - 0x00007ffeda6f4000 	C:\Windows\System32\RPCRT4.dll
0x00007ffed9e80000 - 0x00007ffeda020000 	C:\Windows\System32\USER32.dll
0x00007ffed8420000 - 0x00007ffed8442000 	C:\Windows\System32\win32u.dll
0x00007ffed9e20000 - 0x00007ffed9e4a000 	C:\Windows\System32\GDI32.dll
0x00007ffed8550000 - 0x00007ffed8659000 	C:\Windows\System32\gdi32full.dll
0x00007ffed8710000 - 0x00007ffed87ad000 	C:\Windows\System32\msvcp_win.dll
0x00007ffed8450000 - 0x00007ffed8550000 	C:\Windows\System32\ucrtbase.dll
0x00007ffecb640000 - 0x00007ffecb8db000 	C:\Windows\WinSxS\amd64_microsoft.windows.common-controls_6595b64144ccf1df_6.0.19041.488_none_ca04af081b815d21\COMCTL32.dll
0x00007ffed9df0000 - 0x00007ffed9e20000 	C:\Windows\System32\IMM32.DLL
0x00007ffead2a0000 - 0x00007ffead2b5000 	D:\Software\Java\jdk1.8.0_261\jre\bin\vcruntime140.dll
0x00007ffea14a0000 - 0x00007ffea153b000 	D:\Software\Java\jdk1.8.0_261\jre\bin\msvcp140.dll
0x0000000053110000 - 0x000000005397c000 	D:\Software\Java\jdk1.8.0_261\jre\bin\server\jvm.dll
0x00007ffed9140000 - 0x00007ffed9148000 	C:\Windows\System32\PSAPI.DLL
0x00007ffed3600000 - 0x00007ffed3609000 	C:\Windows\SYSTEM32\WSOCK32.dll
0x00007ffed2540000 - 0x00007ffed254a000 	C:\Windows\SYSTEM32\VERSION.dll
0x00007ffecbbf0000 - 0x00007ffecbc17000 	C:\Windows\SYSTEM32\WINMM.dll
0x00007ffed9c50000 - 0x00007ffed9cbb000 	C:\Windows\System32\WS2_32.dll
0x00007ffed6820000 - 0x00007ffed6833000 	C:\Windows\SYSTEM32\kernel.appcore.dll
0x00007ffec2120000 - 0x00007ffec2130000 	D:\Software\Java\jdk1.8.0_261\jre\bin\verify.dll
0x00007ffea1840000 - 0x00007ffea186b000 	D:\Software\Java\jdk1.8.0_261\jre\bin\java.dll
0x00007ffeac8e0000 - 0x00007ffeac8f8000 	D:\Software\Java\jdk1.8.0_261\jre\bin\zip.dll
0x00007ffed9270000 - 0x00007ffed99b1000 	C:\Windows\System32\SHELL32.dll
0x00007ffed6070000 - 0x00007ffed6803000 	C:\Windows\SYSTEM32\windows.storage.dll
0x00007ffed8a30000 - 0x00007ffed8d85000 	C:\Windows\System32\combase.dll
0x00007ffed7980000 - 0x00007ffed79ac000 	C:\Windows\SYSTEM32\Wldp.dll
0x00007ffed9aa0000 - 0x00007ffed9b4e000 	C:\Windows\System32\SHCORE.dll
0x00007ffed99c0000 - 0x00007ffed9a15000 	C:\Windows\System32\shlwapi.dll
0x00007ffed7e40000 - 0x00007ffed7e66000 	C:\Windows\SYSTEM32\profapi.dll
0x00007ffea1820000 - 0x00007ffea183c000 	D:\Software\Java\jdk1.8.0_261\jre\bin\net.dll
0x00007ffed7700000 - 0x00007ffed776a000 	C:\Windows\system32\mswsock.dll
0x00007ffea1480000 - 0x00007ffea1493000 	D:\Software\Java\jdk1.8.0_261\jre\bin\nio.dll
0x00007ffeab5f0000 - 0x00007ffeab654000 	C:\Users\twome\AppData\Local\Temp\lwjgltwome\3.2.3-build-13\lwjgl.dll
0x00007ffea1410000 - 0x00007ffea1472000 	C:\Users\twome\AppData\Local\Temp\lwjgltwome\3.2.3-build-13\glfw.dll
0x00007ffed5500000 - 0x00007ffed559f000 	C:\Windows\system32\uxtheme.dll
0x00007ffea1aa0000 - 0x00007ffea1ae5000 	C:\Windows\SYSTEM32\dinput8.dll
0x00007ffecf070000 - 0x00007ffecf081000 	C:\Windows\SYSTEM32\xinput1_4.dll
0x00007ffed80d0000 - 0x00007ffed811d000 	C:\Windows\System32\cfgmgr32.dll
0x00007ffed7cc0000 - 0x00007ffed7cec000 	C:\Windows\SYSTEM32\DEVOBJ.dll
0x00007ffed5770000 - 0x00007ffed579f000 	C:\Windows\SYSTEM32\dwmapi.dll
0x00007ffed1d00000 - 0x00007ffed1e52000 	C:\Windows\SYSTEM32\inputhost.dll
0x00007ffed8830000 - 0x00007ffed88fd000 	C:\Windows\System32\OLEAUT32.dll
0x00007ffed51a0000 - 0x00007ffed5292000 	C:\Windows\SYSTEM32\CoreMessaging.dll
0x00007ffed33e0000 - 0x00007ffed34d7000 	C:\Windows\SYSTEM32\PROPSYS.dll
0x00007ffed4600000 - 0x00007ffed4756000 	C:\Windows\SYSTEM32\wintypes.dll
0x00007ffed4cf0000 - 0x00007ffed504a000 	C:\Windows\SYSTEM32\CoreUIComponents.dll
0x00007ffed87b0000 - 0x00007ffed882f000 	C:\Windows\System32\bcryptPrimitives.dll
0x00007ffed6c60000 - 0x00007ffed6c93000 	C:\Windows\SYSTEM32\ntmarta.dll
0x00007ffed9150000 - 0x00007ffed9265000 	C:\Windows\System32\MSCTF.dll
0x00007ffed6810000 - 0x00007ffed681d000 	C:\Windows\SYSTEM32\HID.DLL
0x00007ffeda160000 - 0x00007ffeda5c7000 	C:\Windows\System32\SETUPAPI.DLL
0x00007ffed83f0000 - 0x00007ffed8417000 	C:\Windows\System32\bcrypt.dll
0x00007ffed7f10000 - 0x00007ffed7f70000 	C:\Windows\System32\WINTRUST.dll
0x00007ffed7f70000 - 0x00007ffed80cd000 	C:\Windows\System32\CRYPT32.dll
0x00007ffed7b00000 - 0x00007ffed7b12000 	C:\Windows\SYSTEM32\MSASN1.dll
0x00007ffeac1b0000 - 0x00007ffeac2d5000 	C:\Windows\SYSTEM32\opengl32.dll
0x00007ffec34e0000 - 0x00007ffec350c000 	C:\Windows\SYSTEM32\GLU32.dll
0x00007ffed8d90000 - 0x00007ffed8e38000 	C:\Windows\System32\clbcatq.dll
0x00000000509b0000 - 0x0000000053101000 	C:\Windows\System32\DriverStore\FileRepository\nv_dispi.inf_amd64_90685a092bcf58c7\nvoglv64.dll
0x00007ffed8900000 - 0x00007ffed8a29000 	C:\Windows\System32\ole32.dll
0x00007ffed2a20000 - 0x00007ffed2a34000 	C:\Windows\SYSTEM32\WTSAPI32.dll
0x00007ffec8260000 - 0x00007ffec829b000 	C:\Windows\SYSTEM32\dxcore.dll
0x00007ffed7510000 - 0x00007ffed755b000 	C:\Windows\SYSTEM32\powrprof.dll
0x00007ffed7380000 - 0x00007ffed7392000 	C:\Windows\SYSTEM32\UMPDC.dll
0x00007ffed6cd0000 - 0x00007ffed6d2a000 	C:\Windows\SYSTEM32\WINSTA.dll
0x00007ffebb800000 - 0x00007ffebb8fd000 	C:\Windows\SYSTEM32\textinputframework.dll
0x00007ffed3370000 - 0x00007ffed33d6000 	C:\Windows\system32\Oleacc.dll
0x00007ffea1770000 - 0x00007ffea17c9000 	C:\Users\twome\AppData\Local\Temp\lwjgltwome\3.2.3-build-13\lwjgl_opengl.dll
0x00007ffe7f710000 - 0x00007ffe7fdcf000 	C:\Users\twome\AppData\Local\Temp\lwjgltwome\3.2.3-build-13\assimp.dll
0x00007ffed5bb0000 - 0x00007ffed5d94000 	C:\Windows\SYSTEM32\dbghelp.dll

VM Arguments:
jvm_args: -Dfile.encoding=windows-1252 -Duser.country=US -Duser.language=en -Duser.variant 
java_command: de.twometer.amongus3d.Bootstrap
java_class_path (initial): E:\GitHub Repositories\among-us-3d\build\classes\java\main;E:\GitHub Repositories\among-us-3d\build\resources\main;C:\Users\twome\.gradle\caches\modules-2\files-2.1\org.lwjgl\lwjgl-assimp\3.2.3\f62aa07a20afbdd3097efc296c4841e0d29700eb\lwjgl-assimp-3.2.3.jar;C:\Users\twome\.gradle\caches\modules-2\files-2.1\org.lwjgl\lwjgl-assimp\3.2.3\4e60aeb75f0343c4a9ede4ef8b6b32ca702a00a3\lwjgl-assimp-3.2.3-natives-windows.jar;C:\Users\twome\.gradle\caches\modules-2\files-2.1\org.lwjgl\lwjgl-glfw\3.2.3\5e520d5c290c8b012545a8d34fa5db5ab051ea53\lwjgl-glfw-3.2.3.jar;C:\Users\twome\.gradle\caches\modules-2\files-2.1\org.lwjgl\lwjgl-glfw\3.2.3\b4d8a3477cdc2edcf7a5f1e822926be846223f54\lwjgl-glfw-3.2.3-natives-windows.jar;C:\Users\twome\.gradle\caches\modules-2\files-2.1\org.lwjgl\lwjgl-openal\3.2.3\106742e805803ab9eab8e343f0fb31a3d263903c\lwjgl-openal-3.2.3.jar;C:\Users\twome\.gradle\caches\modules-2\files-2.1\org.lwjgl\lwjgl-openal\3.2.3\ec898e8ce11b5886f4f532a1536283ef2817758d\lwjgl-openal-3.2.3-natives-windows.jar;C:\Users\twome\.gradle\caches\modules-2\files-2.1\org.lwjgl\lwjgl-opengl\3.2.3\bdd534a323d0c8f54969b95e424b6ac8984f7d6e\lwjgl-opengl-3.2.3.jar;C:\Users\twome\.gradle\caches\modules-2\files-2.1\org.lwjgl\lwjgl-opengl\3.2.3\e81cfc73ec8708e5e791ed770e4ec3edfc1bbab1\lwjgl-opengl-3.2.3-natives-windows.jar;C:\Users\twome\.gradle\caches\modules-2\files-2.1\org.lwjgl\lwjgl\3.2.3\17a59ba0fe8d474ec9dbe0d5db40d2cfe59c4c08\lwjgl-3.2.3.jar;C:\Users\twome\.gradle\caches\modules-2\files-2.1\org.lwjgl\lwjgl\3.2.3\27f32cd35349684745951e04388e8e00d681cdcd\lwjgl-3.2.3-natives-windows.jar;C:\Users\twome\.gradle\caches\modules-2\files-2.1\org.joml\joml\1.9.12\73622e6370f4f6f542d80aa8f7329d828762b9ca\joml-1.9.12.jar
Launcher Type: SUN_STANDARD

Environment Variables:
PATH=C:\Program Files (x86)\Common Files\Oracle\Java\javapath;C:\Program Files\Common Files\Oracle\Java\javapath;C:\Program Files (x86)\NVIDIA Corporation\PhysX\Common;D:\Oculus\Support\oculus-runtime;C:\Windows\system32;C:\Windows;C:\Windows\System32\Wbem;C:\Windows\System32\WindowsPowerShell\v1.0\;C:\Windows\System32\OpenSSH\;D:\Software\Git\cmd;D:\Software\Microsoft VS Code\bin;C:\Program Files\dotnet\;C:\Program Files\Microsoft SQL Server\130\Tools\Binn\;C:\Program Files\Microsoft SQL Server\Client SDK\ODBC\170\Tools\Binn\;C:\Users\twome\AppData\Local\Microsoft\WindowsApps;C:\Users\twome\.dotnet\tools
USERNAME=twome
OS=Windows_NT
PROCESSOR_IDENTIFIER=AMD64 Family 23 Model 113 Stepping 0, AuthenticAMD



---------------  S Y S T E M  ---------------

OS: Windows 10.0 , 64 bit Build 19041 (10.0.19041.292)

CPU:total 16 (initial active 16) (16 cores per cpu, 1 threads per core) family 23 model 113 stepping 0, cmov, cx8, fxsr, mmx, sse, sse2, sse3, ssse3, sse4.1, sse4.2, popcnt, avx, avx2, aes, clmul, mmxext, 3dnowpref, lzcnt, sse4a, tsc, tscinvbit, tscinv, bmi1

Memory: 4k page, physical 33484500k(19782360k free), swap 38465236k(19344456k free)

vm_info: Java HotSpot(TM) 64-Bit Server VM (25.261-b12) for windows-amd64 JRE (1.8.0_261-b12), built on Jun 18 2020 06:56:32 by "" with unknown MS VC++:1916

time: Wed Oct  7 14:35:27 2020
timezone: W. Europe Daylight Time
elapsed time: 1 seconds (0d 0h 0m 1s)

